info message
start the bot!
used sticker: CAACAgIAAxkBAAIYj1-ELNhJnAPJTjyMrRUow7N01-9gAALcAgACQrFCA_a1LoHEiv37GwQ
start the bot!
start the bot!
start the bot!
2020-10-12 13:19:19,961 - r6_logger - INFO - start the bot!
start the bot!
2020-10-12 13:19:32,780 - r6_logger - INFO - used sticker: CAACAgIAAxkBAAIYkV-ELbekgMkPxME60vqE8TIZmRR_AALcAgACQrFCA_a1LoHEiv37GwQ
used sticker: CAACAgIAAxkBAAIYkV-ELbekgMkPxME60vqE8TIZmRR_AALcAgACQrFCA_a1LoHEiv37GwQ
12.10.2020 13:20:32 -  INFO - start the bot!
start the bot!
12.10.2020 13:21:13 -  INFO - start the bot!
start the bot!
12.10.2020 13:21:23 -  INFO - used sticker: CAACAgIAAxkBAAIYk1-ELiWtrA2rYcVJjw6GHyWuthlOAAKTAwACNuwbBbKFpN8eEvFNGwQ
used sticker: CAACAgIAAxkBAAIYk1-ELiWtrA2rYcVJjw6GHyWuthlOAAKTAwACNuwbBbKFpN8eEvFNGwQ
12.10.2020 13:34:46 -  INFO - start the bot!
start the bot!
12.10.2020 13:34:46 -  INFO - Starting new HTTPS connection (1): api.telegram.org
Starting new HTTPS connection (1): api.telegram.org
12.10.2020 13:34:57 -  INFO - used sticker: CAACAgIAAxkBAAIYlV-EMVPSty7biWTSQRhEfg6W_ZNEAAIeAwACEzmPEfINam9XK_VEGwQ
used sticker: CAACAgIAAxkBAAIYlV-EMVPSty7biWTSQRhEfg6W_ZNEAAIeAwACEzmPEfINam9XK_VEGwQ
12.10.2020 13:34:57 -  INFO - Starting new HTTPS connection (1): api.telegram.org
Starting new HTTPS connection (1): api.telegram.org
12.10.2020 13:42:11 -  INFO - start the bot!
start the bot!
12.10.2020 13:43:36 -  INFO - start the bot!
start the bot!
12.10.2020 13:43:44 -  INFO - start the bot!
start the bot!
12.10.2020 13:52:30 -  INFO - start the bot!
12.10.2020 13:52:42 -  INFO - used sticker: CAACAgIAAxkBAAIYl1-ENXq74CFdbsIeSTPNa7xEwVUMAAIeAwACEzmPEfINam9XK_VEGwQ
12.10.2020 13:53:20 -  INFO - start the bot!
start the bot!
12.10.2020 13:54:07 -  INFO - start the bot!
start the bot!
12.10.2020 13:54:10 -  INFO - start the bot!
start the bot!
start the bot!
12.10.2020 14:26:04 -  INFO - start the bot!
12.10.2020 14:26:25 -  WARNING - huh, I cannot find KANAL map. Weird, right?
Anyway, let's try again.
12.10.2020 14:26:47 -  INFO - used sticker: CAACAgIAAxkBAAIYq1-EPXfoZy2hWqxi3wYgmImZzKxkAAIUAwACEzmPEVYXkIM2X9EhGwQ
12.10.2020 14:42:07 -  INFO - start the bot!
12.10.2020 14:42:25 -  INFO - start the bot!
12.10.2020 14:43:14 -  INFO - start the bot!
12.10.2020 14:43:25 -  INFO - start the bot!
12.10.2020 14:43:44 -  INFO - start the bot!
12.10.2020 14:46:42 -  INFO - start the bot!
12.10.2020 14:48:57 -  INFO - start the bot!
12.10.2020 14:50:47 -  INFO - start the bot!
12.10.2020 14:53:31 -  INFO - start the bot!
12.10.2020 14:55:10 -  INFO - start the bot!
12.10.2020 14:55:23 -  INFO - start the bot!
12.10.2020 15:02:20 -  INFO - start the bot!
12.10.2020 15:02:54 -  WARNING - No map schematics for KANAL
12.10.2020 15:05:46 -  INFO - start the bot!
12.10.2020 15:07:24 -  WARNING - No map schematics for Xghfx
12.10.2020 15:14:22 -  INFO - start the bot!
12.10.2020 15:19:22 -  INFO - start the bot!
12.10.2020 15:31:21 -  INFO - start the bot!
12.10.2020 15:32:02 -  INFO - start the bot!
12.10.2020 15:32:36 -  INFO - start the bot!
12.10.2020 15:32:50 -  INFO - start the bot!
12.10.2020 15:33:04 -  INFO - start the bot!
12.10.2020 15:40:38 -  INFO - start the bot!
12.10.2020 15:41:06 -  WARNING - No map schematics for KANAL
